<?xml version="1.0" encoding="UTF-8"?>
<testng-results ignored="0" total="1" passed="1" failed="0" skipped="0">
  <reporter-output>
    <line>
      <![CDATA[createmodule]]>
    </line>
  </reporter-output>
  <suite started-at="2023-06-05T13:01:35 IST" name="Default suite" finished-at="2023-06-05T13:01:35 IST" duration-ms="63">
    <groups>
    </groups>
    <test started-at="2023-06-05T13:01:35 IST" name="Default test" finished-at="2023-06-05T13:01:35 IST" duration-ms="63">
      <class name="com.actitime.testscript.CreateModule">
        <test-method signature="testcreatemodule()[pri:0, instance:com.actitime.testscript.CreateModule@460d0a57]" started-at="2023-06-05T13:01:35 IST" name="testcreatemodule" finished-at="2023-06-05T13:01:35 IST" duration-ms="16" status="PASS">
          <reporter-output>
            <line>
              <![CDATA[createmodule]]>
            </line>
          </reporter-output>
        </test-method> <!-- testcreatemodule -->
      </class> <!-- com.actitime.testscript.CreateModule -->
    </test> <!-- Default test -->
  </suite> <!-- Default suite -->
</testng-results>
